RUN	RinhaBackendSimulation	rinhabackendsimulation	1697128594065	diegolikescode	3.9.5
USER	Busca Válida de Pessoas	START	1697128595277
USER	Criação E Talvez Consulta de Pessoas	START	1697128595277
USER	Busca Inválida de Pessoas	START	1697128595296
REQUEST		criação	1697128595292	1697128595296	KO	j.n.ConnectException: finishConnect(..) failed: Connection refused
REQUEST		busca válida	1697128595293	1697128595296	KO	j.n.ConnectException: finishConnect(..) failed: Connection refused
REQUEST		busca inválida	1697128595292	1697128595296	KO	j.n.ConnectException: finishConnect(..) failed: Connection refused
USER	Busca Válida de Pessoas	END	1697128595301
USER	Busca Inválida de Pessoas	END	1697128595301
USER	Criação E Talvez Consulta de Pessoas	END	1697128595324
USER	Busca Válida de Pessoas	START	1697128595764
USER	Busca Inválida de Pessoas	START	1697128595765
REQUEST		busca inválida	1697128595764	1697128595766	KO	j.n.ConnectException: finishConnect(..) failed: Connection refused
USER	Busca Inválida de Pessoas	END	1697128595766
REQUEST		busca válida	1697128595765	1697128595766	KO	j.n.ConnectException: finishConnect(..) failed: Connection refused
USER	Busca Válida de Pessoas	END	1697128595767
USER	Criação E Talvez Consulta de Pessoas	START	1697128595767
REQUEST		criação	1697128595767	1697128595768	KO	j.n.ConnectException: finishConnect(..) failed: Connection refused
USER	Criação E Talvez Consulta de Pessoas	END	1697128595772
USER	Busca Inválida de Pessoas	START	1697128596265
USER	Busca Válida de Pessoas	START	1697128596265
REQUEST		busca inválida	1697128596264	1697128596266	KO	j.n.ConnectException: finishConnect(..) failed: Connection refused
USER	Busca Inválida de Pessoas	END	1697128596266
REQUEST		busca válida	1697128596266	1697128596267	KO	j.n.ConnectException: finishConnect(..) failed: Connection refused
USER	Busca Válida de Pessoas	END	1697128596267
USER	Criação E Talvez Consulta de Pessoas	START	1697128596268
REQUEST		criação	1697128596268	1697128596268	KO	j.n.ConnectException: finishConnect(..) failed: Connection refused
USER	Criação E Talvez Consulta de Pessoas	END	1697128596290
USER	Busca Válida de Pessoas	START	1697128596766
USER	Busca Inválida de Pessoas	START	1697128596768
USER	Criação E Talvez Consulta de Pessoas	START	1697128596768
REQUEST		busca inválida	1697128596767	1697128596768	KO	j.n.ConnectException: finishConnect(..) failed: Connection refused
USER	Busca Inválida de Pessoas	END	1697128596768
REQUEST		busca válida	1697128596767	1697128596768	KO	j.n.ConnectException: finishConnect(..) failed: Connection refused
USER	Busca Válida de Pessoas	END	1697128596769
REQUEST		criação	1697128596769	1697128596769	KO	j.n.ConnectException: finishConnect(..) failed: Connection refused
USER	Criação E Talvez Consulta de Pessoas	END	1697128596796
USER	Busca Válida de Pessoas	START	1697128597266
USER	Busca Inválida de Pessoas	START	1697128597267
REQUEST		busca válida	1697128597266	1697128597267	KO	j.n.ConnectException: finishConnect(..) failed: Connection refused
REQUEST		busca inválida	1697128597266	1697128597267	KO	j.n.ConnectException: finishConnect(..) failed: Connection refused
USER	Busca Válida de Pessoas	END	1697128597267
USER	Busca Inválida de Pessoas	END	1697128597267
USER	Criação E Talvez Consulta de Pessoas	START	1697128597269
REQUEST		criação	1697128597270	1697128597271	KO	j.n.ConnectException: finishConnect(..) failed: Connection refused
USER	Criação E Talvez Consulta de Pessoas	END	1697128597283
USER	Busca Válida de Pessoas	START	1697128597764
USER	Criação E Talvez Consulta de Pessoas	START	1697128597764
USER	Busca Inválida de Pessoas	START	1697128597765
REQUEST		criação	1697128597765	1697128597765	KO	j.n.ConnectException: finishConnect(..) failed: Connection refused
REQUEST		busca válida	1697128597764	1697128597765	KO	j.n.ConnectException: finishConnect(..) failed: Connection refused
REQUEST		busca inválida	1697128597764	1697128597765	KO	j.n.ConnectException: finishConnect(..) failed: Connection refused
USER	Busca Válida de Pessoas	END	1697128597766
USER	Busca Inválida de Pessoas	END	1697128597766
USER	Criação E Talvez Consulta de Pessoas	END	1697128597769
USER	Busca Válida de Pessoas	START	1697128598264
USER	Criação E Talvez Consulta de Pessoas	START	1697128598264
USER	Busca Inválida de Pessoas	START	1697128598266
REQUEST		busca inválida	1697128598265	1697128598266	KO	j.n.ConnectException: finishConnect(..) failed: Connection refused
REQUEST		criação	1697128598265	1697128598266	KO	j.n.ConnectException: finishConnect(..) failed: Connection refused
REQUEST		busca válida	1697128598265	1697128598266	KO	j.n.ConnectException: finishConnect(..) failed: Connection refused
USER	Busca Inválida de Pessoas	END	1697128598266
USER	Busca Válida de Pessoas	END	1697128598266
USER	Criação E Talvez Consulta de Pessoas	END	1697128598281
USER	Busca Válida de Pessoas	START	1697128598763
USER	Criação E Talvez Consulta de Pessoas	START	1697128598763
USER	Busca Inválida de Pessoas	START	1697128598764
REQUEST		busca válida	1697128598764	1697128598765	KO	j.n.ConnectException: finishConnect(..) failed: Connection refused
REQUEST		busca inválida	1697128598764	1697128598765	KO	j.n.ConnectException: finishConnect(..) failed: Connection refused
USER	Busca Válida de Pessoas	END	1697128598765
USER	Busca Inválida de Pessoas	END	1697128598765
REQUEST		criação	1697128598764	1697128598765	KO	j.n.ConnectException: finishConnect(..) failed: Connection refused
USER	Criação E Talvez Consulta de Pessoas	END	1697128598791
USER	Busca Válida de Pessoas	START	1697128599264
USER	Criação E Talvez Consulta de Pessoas	START	1697128599264
USER	Busca Inválida de Pessoas	START	1697128599265
REQUEST		criação	1697128599265	1697128599266	KO	j.n.ConnectException: finishConnect(..) failed: Connection refused
REQUEST		busca válida	1697128599265	1697128599266	KO	j.n.ConnectException: finishConnect(..) failed: Connection refused
REQUEST		busca inválida	1697128599265	1697128599266	KO	j.n.ConnectException: finishConnect(..) failed: Connection refused
USER	Busca Inválida de Pessoas	END	1697128599266
USER	Busca Válida de Pessoas	END	1697128599266
USER	Criação E Talvez Consulta de Pessoas	END	1697128599290
USER	Criação E Talvez Consulta de Pessoas	START	1697128599764
USER	Busca Válida de Pessoas	START	1697128599764
USER	Busca Inválida de Pessoas	START	1697128599765
REQUEST		busca válida	1697128599764	1697128599765	KO	j.n.ConnectException: finishConnect(..) failed: Connection refused
REQUEST		busca inválida	1697128599764	1697128599765	KO	j.n.ConnectException: finishConnect(..) failed: Connection refused
USER	Busca Válida de Pessoas	END	1697128599765
USER	Busca Inválida de Pessoas	END	1697128599765
REQUEST		criação	1697128599765	1697128599765	KO	j.n.ConnectException: finishConnect(..) failed: Connection refused
USER	Criação E Talvez Consulta de Pessoas	END	1697128599778
USER	Busca Válida de Pessoas	START	1697128600264
USER	Criação E Talvez Consulta de Pessoas	START	1697128600264
USER	Busca Inválida de Pessoas	START	1697128600265
REQUEST		busca válida	1697128600265	1697128600265	KO	j.n.ConnectException: finishConnect(..) failed: Connection refused
USER	Busca Válida de Pessoas	END	1697128600265
REQUEST		busca inválida	1697128600264	1697128600265	KO	j.n.ConnectException: finishConnect(..) failed: Connection refused
REQUEST		criação	1697128600265	1697128600265	KO	j.n.ConnectException: finishConnect(..) failed: Connection refused
USER	Busca Inválida de Pessoas	END	1697128600265
USER	Criação E Talvez Consulta de Pessoas	END	1697128600286
USER	Criação E Talvez Consulta de Pessoas	START	1697128600764
USER	Busca Válida de Pessoas	START	1697128600764
USER	Busca Inválida de Pessoas	START	1697128600764
REQUEST		busca inválida	1697128600764	1697128600765	KO	j.n.ConnectException: finishConnect(..) failed: Connection refused
USER	Busca Inválida de Pessoas	END	1697128600765
REQUEST		criação	1697128600764	1697128600765	KO	j.n.ConnectException: finishConnect(..) failed: Connection refused
REQUEST		busca válida	1697128600765	1697128600765	KO	j.n.ConnectException: finishConnect(..) failed: Connection refused
USER	Busca Válida de Pessoas	END	1697128600766
USER	Criação E Talvez Consulta de Pessoas	END	1697128600777
USER	Criação E Talvez Consulta de Pessoas	START	1697128601264
USER	Busca Válida de Pessoas	START	1697128601265
USER	Busca Inválida de Pessoas	START	1697128601265
REQUEST		criação	1697128601265	1697128601266	KO	j.n.ConnectException: finishConnect(..) failed: Connection refused
REQUEST		busca inválida	1697128601264	1697128601266	KO	j.n.ConnectException: finishConnect(..) failed: Connection refused
USER	Busca Inválida de Pessoas	END	1697128601266
REQUEST		busca válida	1697128601265	1697128601266	KO	j.n.ConnectException: finishConnect(..) failed: Connection refused
USER	Busca Válida de Pessoas	END	1697128601266
USER	Criação E Talvez Consulta de Pessoas	END	1697128601271
USER	Criação E Talvez Consulta de Pessoas	START	1697128601763
USER	Busca Válida de Pessoas	START	1697128601763
USER	Busca Inválida de Pessoas	START	1697128601764
REQUEST		busca válida	1697128601764	1697128601765	KO	j.n.ConnectException: finishConnect(..) failed: Connection refused
REQUEST		criação	1697128601764	1697128601765	KO	j.n.ConnectException: finishConnect(..) failed: Connection refused
REQUEST		busca inválida	1697128601764	1697128601765	KO	j.n.ConnectException: finishConnect(..) failed: Connection refused
USER	Busca Inválida de Pessoas	END	1697128601765
USER	Busca Válida de Pessoas	END	1697128601765
USER	Criação E Talvez Consulta de Pessoas	END	1697128601781
USER	Criação E Talvez Consulta de Pessoas	START	1697128602264
USER	Busca Válida de Pessoas	START	1697128602264
USER	Busca Inválida de Pessoas	START	1697128602265
REQUEST		busca inválida	1697128602264	1697128602265	KO	j.n.ConnectException: finishConnect(..) failed: Connection refused
REQUEST		busca válida	1697128602264	1697128602265	KO	j.n.ConnectException: finishConnect(..) failed: Connection refused
REQUEST		criação	1697128602264	1697128602265	KO	j.n.ConnectException: finishConnect(..) failed: Connection refused
USER	Busca Inválida de Pessoas	END	1697128602265
USER	Busca Válida de Pessoas	END	1697128602265
USER	Criação E Talvez Consulta de Pessoas	END	1697128602276
USER	Busca Válida de Pessoas	START	1697128602763
USER	Criação E Talvez Consulta de Pessoas	START	1697128602764
USER	Busca Inválida de Pessoas	START	1697128602764
REQUEST		busca válida	1697128602764	1697128602764	KO	j.n.ConnectException: finishConnect(..) failed: Connection refused
REQUEST		busca inválida	1697128602764	1697128602764	KO	j.n.ConnectException: finishConnect(..) failed: Connection refused
USER	Busca Inválida de Pessoas	END	1697128602765
USER	Busca Válida de Pessoas	END	1697128602765
REQUEST		criação	1697128602764	1697128602765	KO	j.n.ConnectException: finishConnect(..) failed: Connection refused
USER	Criação E Talvez Consulta de Pessoas	END	1697128602776
USER	Busca Válida de Pessoas	START	1697128603264
USER	Criação E Talvez Consulta de Pessoas	START	1697128603264
USER	Busca Inválida de Pessoas	START	1697128603265
REQUEST		busca válida	1697128603264	1697128603265	KO	j.n.ConnectException: finishConnect(..) failed: Connection refused
REQUEST		busca inválida	1697128603264	1697128603265	KO	j.n.ConnectException: finishConnect(..) failed: Connection refused
REQUEST		criação	1697128603264	1697128603265	KO	j.n.ConnectException: finishConnect(..) failed: Connection refused
USER	Busca Válida de Pessoas	END	1697128603265
USER	Busca Inválida de Pessoas	END	1697128603265
USER	Criação E Talvez Consulta de Pessoas	END	1697128603294
USER	Busca Válida de Pessoas	START	1697128603764
USER	Criação E Talvez Consulta de Pessoas	START	1697128603764
USER	Busca Inválida de Pessoas	START	1697128603764
REQUEST		busca válida	1697128603764	1697128603765	KO	j.n.ConnectException: finishConnect(..) failed: Connection refused
REQUEST		criação	1697128603764	1697128603765	KO	j.n.ConnectException: finishConnect(..) failed: Connection refused
REQUEST		busca inválida	1697128603764	1697128603765	KO	j.n.ConnectException: finishConnect(..) failed: Connection refused
USER	Busca Válida de Pessoas	END	1697128603765
USER	Busca Inválida de Pessoas	END	1697128603765
USER	Criação E Talvez Consulta de Pessoas	END	1697128603769
USER	Busca Válida de Pessoas	START	1697128604264
USER	Criação E Talvez Consulta de Pessoas	START	1697128604264
USER	Busca Inválida de Pessoas	START	1697128604265
REQUEST		criação	1697128604264	1697128604265	KO	j.n.ConnectException: finishConnect(..) failed: Connection refused
REQUEST		busca inválida	1697128604264	1697128604265	KO	j.n.ConnectException: finishConnect(..) failed: Connection refused
REQUEST		busca válida	1697128604264	1697128604265	KO	j.n.ConnectException: finishConnect(..) failed: Connection refused
USER	Busca Inválida de Pessoas	END	1697128604265
USER	Busca Válida de Pessoas	END	1697128604265
USER	Criação E Talvez Consulta de Pessoas	END	1697128604280
USER	Busca Válida de Pessoas	START	1697128604764
USER	Criação E Talvez Consulta de Pessoas	START	1697128604764
USER	Busca Inválida de Pessoas	START	1697128604765
REQUEST		busca inválida	1697128604764	1697128604765	KO	j.n.ConnectException: finishConnect(..) failed: Connection refused
REQUEST		criação	1697128604764	1697128604765	KO	j.n.ConnectException: finishConnect(..) failed: Connection refused
USER	Busca Inválida de Pessoas	END	1697128604765
REQUEST		busca válida	1697128604764	1697128604765	KO	j.n.ConnectException: finishConnect(..) failed: Connection refused
USER	Busca Válida de Pessoas	END	1697128604765
USER	Criação E Talvez Consulta de Pessoas	END	1697128604767
USER	Busca Válida de Pessoas	START	1697128605264
USER	Busca Inválida de Pessoas	START	1697128605265
REQUEST		busca válida	1697128605264	1697128605265	KO	j.n.ConnectException: finishConnect(..) failed: Connection refused
REQUEST		busca inválida	1697128605264	1697128605265	KO	j.n.ConnectException: finishConnect(..) failed: Connection refused
USER	Busca Válida de Pessoas	END	1697128605265
USER	Busca Inválida de Pessoas	END	1697128605265
USER	Criação E Talvez Consulta de Pessoas	START	1697128605280
REQUEST		criação	1697128605280	1697128605281	KO	j.n.ConnectException: finishConnect(..) failed: Connection refused
USER	Criação E Talvez Consulta de Pessoas	END	1697128605290
USER	Busca Válida de Pessoas	START	1697128605763
USER	Busca Inválida de Pessoas	START	1697128605764
REQUEST		busca inválida	1697128605764	1697128605764	KO	j.n.ConnectException: finishConnect(..) failed: Connection refused
REQUEST		busca válida	1697128605764	1697128605764	KO	j.n.ConnectException: finishConnect(..) failed: Connection refused
USER	Busca Inválida de Pessoas	END	1697128605764
USER	Busca Válida de Pessoas	END	1697128605765
USER	Criação E Talvez Consulta de Pessoas	START	1697128605805
REQUEST		criação	1697128605805	1697128605805	KO	j.n.ConnectException: finishConnect(..) failed: Connection refused
USER	Criação E Talvez Consulta de Pessoas	END	1697128605822
USER	Criação E Talvez Consulta de Pessoas	START	1697128606130
REQUEST		criação	1697128606130	1697128606131	KO	j.n.ConnectException: finishConnect(..) failed: Connection refused
USER	Criação E Talvez Consulta de Pessoas	END	1697128606144
USER	Criação E Talvez Consulta de Pessoas	START	1697128606208
REQUEST		criação	1697128606209	1697128606209	KO	j.n.ConnectException: finishConnect(..) failed: Connection refused
USER	Criação E Talvez Consulta de Pessoas	END	1697128606238
USER	Busca Válida de Pessoas	START	1697128606263
USER	Busca Inválida de Pessoas	START	1697128606264
REQUEST		busca válida	1697128606264	1697128606264	KO	j.n.ConnectException: finishConnect(..) failed: Connection refused
REQUEST		busca inválida	1697128606264	1697128606264	KO	j.n.ConnectException: finishConnect(..) failed: Connection refused
USER	Busca Válida de Pessoas	END	1697128606265
USER	Busca Inválida de Pessoas	END	1697128606265
USER	Criação E Talvez Consulta de Pessoas	START	1697128606335
REQUEST		criação	1697128606336	1697128606336	KO	j.n.ConnectException: finishConnect(..) failed: Connection refused
USER	Criação E Talvez Consulta de Pessoas	END	1697128606340
USER	Criação E Talvez Consulta de Pessoas	START	1697128606391
REQUEST		criação	1697128606391	1697128606391	KO	j.n.ConnectException: finishConnect(..) failed: Connection refused
USER	Criação E Talvez Consulta de Pessoas	END	1697128606405
USER	Criação E Talvez Consulta de Pessoas	START	1697128606439
REQUEST		criação	1697128606439	1697128606439	KO	j.n.ConnectException: finishConnect(..) failed: Connection refused
USER	Criação E Talvez Consulta de Pessoas	END	1697128606455
USER	Busca Válida de Pessoas	START	1697128606764
USER	Busca Inválida de Pessoas	START	1697128606764
REQUEST		busca inválida	1697128606763	1697128606764	KO	j.n.ConnectException: finishConnect(..) failed: Connection refused
USER	Busca Inválida de Pessoas	END	1697128606764
REQUEST		busca válida	1697128606764	1697128606764	KO	j.n.ConnectException: finishConnect(..) failed: Connection refused
USER	Busca Válida de Pessoas	END	1697128606764
USER	Criação E Talvez Consulta de Pessoas	START	1697128606917
REQUEST		criação	1697128606917	1697128606918	KO	j.n.ConnectException: finishConnect(..) failed: Connection refused
USER	Criação E Talvez Consulta de Pessoas	END	1697128606919
USER	Busca Válida de Pessoas	START	1697128607264
USER	Busca Inválida de Pessoas	START	1697128607264
REQUEST		busca inválida	1697128607264	1697128607264	KO	j.n.ConnectException: finishConnect(..) failed: Connection refused
USER	Busca Inválida de Pessoas	END	1697128607265
REQUEST		busca válida	1697128607264	1697128607265	KO	j.n.ConnectException: finishConnect(..) failed: Connection refused
USER	Busca Válida de Pessoas	END	1697128607265
USER	Criação E Talvez Consulta de Pessoas	START	1697128607283
REQUEST		criação	1697128607283	1697128607283	KO	j.n.ConnectException: finishConnect(..) failed: Connection refused
USER	Criação E Talvez Consulta de Pessoas	END	1697128607304
USER	Criação E Talvez Consulta de Pessoas	START	1697128607705
REQUEST		criação	1697128607706	1697128607706	KO	j.n.ConnectException: finishConnect(..) failed: Connection refused
USER	Criação E Talvez Consulta de Pessoas	START	1697128607722
REQUEST		criação	1697128607723	1697128607723	KO	j.n.ConnectException: finishConnect(..) failed: Connection refused
USER	Criação E Talvez Consulta de Pessoas	END	1697128607726
USER	Criação E Talvez Consulta de Pessoas	END	1697128607731
USER	Criação E Talvez Consulta de Pessoas	START	1697128607732
REQUEST		criação	1697128607732	1697128607732	KO	j.n.ConnectException: finishConnect(..) failed: Connection refused
USER	Criação E Talvez Consulta de Pessoas	END	1697128607756
USER	Busca Válida de Pessoas	START	1697128607763
USER	Busca Inválida de Pessoas	START	1697128607764
REQUEST		busca inválida	1697128607764	1697128607764	KO	j.n.ConnectException: finishConnect(..) failed: Connection refused
USER	Busca Inválida de Pessoas	END	1697128607764
REQUEST		busca válida	1697128607764	1697128607765	KO	j.n.ConnectException: finishConnect(..) failed: Connection refused
USER	Busca Válida de Pessoas	END	1697128607765
USER	Criação E Talvez Consulta de Pessoas	START	1697128608060
REQUEST		criação	1697128608060	1697128608061	KO	j.n.ConnectException: finishConnect(..) failed: Connection refused
USER	Criação E Talvez Consulta de Pessoas	END	1697128608088
USER	Busca Válida de Pessoas	START	1697128608264
USER	Busca Inválida de Pessoas	START	1697128608265
REQUEST		busca inválida	1697128608264	1697128608265	KO	j.n.ConnectException: finishConnect(..) failed: Connection refused
REQUEST		busca válida	1697128608264	1697128608265	KO	j.n.ConnectException: finishConnect(..) failed: Connection refused
USER	Busca Inválida de Pessoas	END	1697128608266
USER	Busca Válida de Pessoas	END	1697128608266
USER	Criação E Talvez Consulta de Pessoas	START	1697128608361
REQUEST		criação	1697128608362	1697128608362	KO	j.n.ConnectException: finishConnect(..) failed: Connection refused
USER	Criação E Talvez Consulta de Pessoas	END	1697128608385
USER	Criação E Talvez Consulta de Pessoas	START	1697128608438
REQUEST		criação	1697128608439	1697128608440	KO	j.n.ConnectException: finishConnect(..) failed: Connection refused
USER	Criação E Talvez Consulta de Pessoas	START	1697128608441
REQUEST		criação	1697128608442	1697128608442	KO	j.n.ConnectException: finishConnect(..) failed: Connection refused
USER	Criação E Talvez Consulta de Pessoas	END	1697128608453
USER	Criação E Talvez Consulta de Pessoas	END	1697128608462
USER	Criação E Talvez Consulta de Pessoas	START	1697128608516
REQUEST		criação	1697128608517	1697128608517	KO	j.n.ConnectException: finishConnect(..) failed: Connection refused
USER	Criação E Talvez Consulta de Pessoas	END	1697128608520
USER	Criação E Talvez Consulta de Pessoas	START	1697128608595
REQUEST		criação	1697128608595	1697128608596	KO	j.n.ConnectException: finishConnect(..) failed: Connection refused
USER	Criação E Talvez Consulta de Pessoas	END	1697128608600
USER	Busca Válida de Pessoas	START	1697128608764
USER	Busca Inválida de Pessoas	START	1697128608764
REQUEST		busca inválida	1697128608764	1697128608764	KO	j.n.ConnectException: finishConnect(..) failed: Connection refused
USER	Busca Inválida de Pessoas	END	1697128608764
REQUEST		busca válida	1697128608764	1697128608764	KO	j.n.ConnectException: finishConnect(..) failed: Connection refused
USER	Busca Válida de Pessoas	END	1697128608765
USER	Criação E Talvez Consulta de Pessoas	START	1697128608768
REQUEST		criação	1697128608768	1697128608768	KO	j.n.ConnectException: finishConnect(..) failed: Connection refused
USER	Criação E Talvez Consulta de Pessoas	END	1697128608773
USER	Criação E Talvez Consulta de Pessoas	START	1697128609114
REQUEST		criação	1697128609114	1697128609115	KO	j.n.ConnectException: finishConnect(..) failed: Connection refused
USER	Criação E Talvez Consulta de Pessoas	END	1697128609117
USER	Busca Válida de Pessoas	START	1697128609263
REQUEST		busca válida	1697128609264	1697128609264	KO	j.n.ConnectException: finishConnect(..) failed: Connection refused
USER	Busca Inválida de Pessoas	START	1697128609264
USER	Busca Válida de Pessoas	END	1697128609264
REQUEST		busca inválida	1697128609264	1697128609264	KO	j.n.ConnectException: finishConnect(..) failed: Connection refused
USER	Busca Inválida de Pessoas	END	1697128609264
USER	Criação E Talvez Consulta de Pessoas	START	1697128609283
REQUEST		criação	1697128609284	1697128609284	KO	j.n.ConnectException: finishConnect(..) failed: Connection refused
USER	Criação E Talvez Consulta de Pessoas	END	1697128609291
USER	Criação E Talvez Consulta de Pessoas	START	1697128609390
REQUEST		criação	1697128609391	1697128609391	KO	j.n.ConnectException: finishConnect(..) failed: Connection refused
USER	Criação E Talvez Consulta de Pessoas	END	1697128609405
USER	Criação E Talvez Consulta de Pessoas	START	1697128609729
REQUEST		criação	1697128609729	1697128609730	KO	j.n.ConnectException: finishConnect(..) failed: Connection refused
USER	Criação E Talvez Consulta de Pessoas	START	1697128609731
REQUEST		criação	1697128609731	1697128609731	KO	j.n.ConnectException: finishConnect(..) failed: Connection refused
USER	Criação E Talvez Consulta de Pessoas	END	1697128609752
USER	Criação E Talvez Consulta de Pessoas	END	1697128609757
USER	Busca Válida de Pessoas	START	1697128609764
USER	Busca Inválida de Pessoas	START	1697128609765
REQUEST		busca inválida	1697128609764	1697128609765	KO	j.n.ConnectException: finishConnect(..) failed: Connection refused
USER	Busca Inválida de Pessoas	END	1697128609765
REQUEST		busca válida	1697128609764	1697128609765	KO	