RUN	RinhaBackendSimulation	rinhabackendsimulation	1697592489971	diegolikescode	3.9.5
USER	Criação E Talvez Consulta de Pessoas	START	1697592491102
USER	Busca Válida de Pessoas	START	1697592491102
USER	Busca Inválida de Pessoas	START	1697592491125
REQUEST		busca válida	1697592491123	1697592491125	KO	j.n.ConnectException: finishConnect(..) failed: Connection refused
REQUEST		busca inválida	1697592491123	1697592491126	KO	j.n.ConnectException: finishConnect(..) failed: Connection refused
REQUEST		criação	1697592491123	1697592491125	KO	j.n.ConnectException: finishConnect(..) failed: Connection refused
USER	Busca Válida de Pessoas	END	1697592491136
USER	Busca Inválida de Pessoas	END	1697592491136
USER	Criação E Talvez Consulta de Pessoas	END	1697592491161
USER	Busca Válida de Pessoas	START	1697592491587
USER	Busca Inválida de Pessoas	START	1697592491589
REQUEST		busca válida	1697592491588	1697592491589	KO	j.n.ConnectException: finishConnect(..) failed: Connection refused
REQUEST		busca inválida	1697592491587	1697592491589	KO	j.n.ConnectException: finishConnect(..) failed: Connection refused
USER	Busca Válida de Pessoas	END	1697592491590
USER	Busca Inválida de Pessoas	END	1697592491590
USER	Criação E Talvez Consulta de Pessoas	START	1697592491590
REQUEST		criação	1697592491591	1697592491592	KO	j.n.ConnectException: finishConnect(..) failed: Connection refused
USER	Criação E Talvez Consulta de Pessoas	END	1697592491612
USER	Busca Válida de Pessoas	START	1697592492088
USER	Busca Inválida de Pessoas	START	1697592492088
REQUEST		busca inválida	1697592492088	1697592492088	KO	j.n.ConnectException: finishConnect(..) failed: Connection refused
USER	Busca Inválida de Pessoas	END	1697592492089
REQUEST		busca válida	1697592492088	1697592492089	KO	j.n.ConnectException: finishConnect(..) failed: Connection refused
USER	Busca Válida de Pessoas	END	1697592492089
USER	Criação E Talvez Consulta de Pessoas	START	1697592492092
REQUEST		criação	1697592492093	1697592492094	KO	j.n.ConnectException: finishConnect(..) failed: Connection refused
USER	Criação E Talvez Consulta de Pessoas	END	1697592492123
USER	Busca Válida de Pessoas	START	1697592492589
USER	Busca Inválida de Pessoas	START	1697592492589
REQUEST		busca inválida	1697592492589	1697592492590	KO	j.n.ConnectException: finishConnect(..) failed: Connection refused
USER	Busca Inválida de Pessoas	END	1697592492590
REQUEST		busca válida	1697592492589	1697592492590	KO	j.n.ConnectException: finishConnect(..) failed: Connection refused
USER	Busca Válida de Pessoas	END	1697592492591
USER	Criação E Talvez Consulta de Pessoas	START	1697592492592
REQUEST		criação	1697592492593	1697592492594	KO	j.n.ConnectException: finishConnect(..) failed: Connection refused
USER	Criação E Talvez Consulta de Pessoas	END	1697592492617
USER	Busca Válida de Pessoas	START	1697592493090
USER	Busca Inválida de Pessoas	START	1697592493091
REQUEST		busca inválida	1697592493090	1697592493091	KO	j.n.ConnectException: finishConnect(..) failed: Connection refused
REQUEST		busca válida	1697592493090	1697592493091	KO	j.n.ConnectException: finishConnect(..) failed: Connection refused
USER	Busca Inválida de Pessoas	END	1697592493092
USER	Busca Válida de Pessoas	END	1697592493092
USER	Criação E Talvez Consulta de Pessoas	START	1697592493092
REQUEST		criação	1697592493093	1697592493094	KO	j.n.ConnectException: finishConnect(..) failed: Connection refused
USER	Criação E Talvez Consulta de Pessoas	END	1697592493113
USER	Criação E Talvez Consulta de Pessoas	START	1697592493586
USER	Busca Válida de Pessoas	START	1697592493587
USER	Busca Inválida de Pessoas	START	1697592493587
REQUEST		busca inválida	1697592493587	1697592493588	KO	j.n.ConnectException: finishConnect(..) failed: Connection refused
REQUEST		criação	1697592493587	1697592493588	KO	j.n.ConnectException: finishConnect(..) failed: Connection refused
USER	Busca Inválida de Pessoas	END	1697592493588
REQUEST		busca válida	1697592493588	1697592493588	KO	j.n.ConnectException: finishConnect(..) failed: Connection refused
USER	Busca Válida de Pessoas	END	1697592493588
USER	Criação E Talvez Consulta de Pessoas	END	1697592493614
USER	Busca Válida de Pessoas	START	1697592494087
USER	Criação E Talvez Consulta de Pessoas	START	1697592494087
USER	Busca Inválida de Pessoas	START	1697592494089
REQUEST		criação	1697592494088	1697592494089	KO	j.n.ConnectException: finishConnect(..) failed: Connection refused
REQUEST		busca inválida	1697592494088	1697592494089	KO	j.n.ConnectException: finishConnect(..) failed: Connection refused
USER	Busca Inválida de Pessoas	END	1697592494089
REQUEST		busca válida	1697592494088	1697592494089	KO	j.n.ConnectException: finishConnect(..) failed: Connection refused
USER	Busca Válida de Pessoas	END	1697592494090
USER	Criação E Talvez Consulta de Pessoas	END	1697592494097
USER	Criação E Talvez Consulta de Pessoas	START	1697592494587
USER	Busca Válida de Pessoas	START	1697592494587
USER	Busca Inválida de Pessoas	START	1697592494587
REQUEST		busca inválida	1697592494587	1697592494588	KO	j.n.ConnectException: finishConnect(..) failed: Connection refused
REQUEST		criação	1697592494587	1697592494588	KO	j.n.ConnectException: finishConnect(..) failed: Connection refused
USER	Busca Inválida de Pessoas	END	1697592494588
REQUEST		busca válida	1697592494588	1697592494588	KO	j.n.ConnectException: finishConnect(..) failed: Connection refused
USER	Busca Válida de Pessoas	END	1697592494588
USER	Criação E Talvez Consulta de Pessoas	END	1697592494594
USER	Criação E Talvez Consulta de Pessoas	START	1697592495087
USER	Busca Válida de Pessoas	START	1697592495088
USER	Busca Inválida de Pessoas	START	1697592495088
REQUEST		busca inválida	1697592495087	1697592495088	KO	j.n.ConnectException: finishConnect(..) failed: Connection refused
USER	Busca Inválida de Pessoas	END	1697592495089
REQUEST		busca válida	1697592495088	1697592495089	KO	j.n.ConnectException: finishConnect(..) failed: Connection refused
USER	Busca Válida de Pessoas	END	1697592495089
REQUEST		criação	1697592495088	1697592495089	KO	j.n.ConnectException: finishConnect(..) failed: Connection refused
USER	Criação E Talvez Consulta de Pessoas	END	1697592495101
USER	Criação E Talvez Consulta de Pessoas	START	1697592495587
USER	Busca Válida de Pessoas	START	1697592495587
USER	Busca Inválida de Pessoas	START	1697592495588
REQUEST		busca inválida	1697592495587	1697592495588	KO	j.n.ConnectException: finishConnect(..) failed: Connection refused
USER	Busca Inválida de Pessoas	END	1697592495588
REQUEST		busca válida	1697592495587	1697592495588	KO	j.n.ConnectException: finishConnect(..) failed: Connection refused
REQUEST		criação	1697592495587	1697592495588	KO	j.n.ConnectException: finishConnect(..) failed: Connection refused
USER	Busca Válida de Pessoas	END	1697592495589
USER	Criação E Talvez Consulta de Pessoas	END	1697592495601
USER	Busca Válida de Pessoas	START	1697592496087
USER	Criação E Talvez Consulta de Pessoas	START	1697592496087
USER	Busca Inválida de Pessoas	START	1697592496088
REQUEST		busca válida	1697592496088	1697592496088	KO	j.n.ConnectException: finishConnect(..) failed: Connection refused
REQUEST		busca inválida	1697592496088	1697592496088	KO	j.n.ConnectException: finishConnect(..) failed: Connection refused
REQUEST		criação	1697592496088	1697592496089	KO	j.n.ConnectException: finishConnect(..) failed: Connection refused
USER	Busca Inválida de Pessoas	END	1697592496089
USER	Busca Válida de Pessoas	END	1697592496089
USER	Criação E Talvez Consulta de Pessoas	END	1697592496097
USER	Busca Válida de Pessoas	START	1697592496586
USER	Criação E Talvez Consulta de Pessoas	START	1697592496587
USER	Busca Inválida de Pessoas	START	1697592496587
REQUEST		busca válida	1697592496587	1697592496588	KO	j.n.ConnectException: finishConnect(..) failed: Connection refused
REQUEST		busca inválida	1697592496587	1697592496588	KO	